172
2 28 197 
2 196 190 
2 97 93 
2 252 333 
2 441 423 
2 35 420 
2 286 369 
2 47 326 
2 33 300 
2 165 482 
2 12 256 
2 299 421 
2 279 1 
2 306 322 
2 14 330 
2 21 315 
2 454 7 
2 154 414 
2 352 492 
2 17 86 
2 334 358 
2 189 212 
2 141 64 
2 337 319 
2 72 73 
2 301 266 
2 213 182 
2 170 120 
2 158 156 
2 11 410 
2 484 443 
2 462 495 
2 261 113 
2 463 111 
2 434 264 
2 451 108 
2 350 448 
2 234 210 
2 221 452 
2 38 0 
2 371 52 
2 475 166 
2 329 310 
2 486 376 
2 298 48 
2 155 208 
2 498 147 
2 499 445 
2 199 455 
2 193 175 
2 473 187 
2 181 288 
2 356 360 
2 367 324 
2 320 385 
2 311 387 
2 396 405 
2 409 292 
2 219 419 
2 430 277 
2 273 271 
2 433 258 
2 439 249 
2 240 236 
2 231 20 
3 60 61 15 
3 34 19 5 
3 203 18 89 
3 294 218 459 
3 302 214 431 
3 412 71 105 
3 225 467 201 
3 403 65 192 
3 328 400 263 
3 188 399 268 
3 242 438 91 
3 429 276 427 
3 31 278 442 
3 444 283 24 
3 90 447 23 
3 424 449 235 
3 99 230 407 
3 422 437 162 
3 139 384 392 
3 345 364 121 
3 348 163 362 
3 391 351 159 
3 123 8 353 
3 388 6 149 
3 55 3 472 
3 336 117 180 
3 13 474 177 
3 10 394 397 
3 375 497 378 
3 372 359 274 
3 81 285 269 
3 50 373 379 
3 45 361 365 
3 432 284 280 
3 363 46 282 
3 425 377 70 
3 59 332 401 
3 325 339 66 
3 254 41 69 
3 395 341 129 
3 40 411 54 
3 347 307 304 
3 390 76 78 
3 36 295 56 
3 79 32 289 
3 80 44 207 
3 153 152 198 
3 151 106 200 
3 204 148 107 
3 104 16 144 
3 461 460 128 
3 217 490 109 
3 195 468 124 
3 160 112 114 
3 115 186 185 
3 116 164 174 
3 172 119 92 
3 95 446 244 
3 247 25 26 
3 138 251 245 
4 494 136 27 259 
4 132 29 267 450 
4 101 100 226 453 
4 237 22 233 386 
4 479 480 382 481 
4 491 9 496 493 
4 389 483 383 4 
4 2 381 489 380 
4 488 485 487 456 
4 39 415 416 417 
4 418 37 458 457 
4 413 426 440 428 
4 314 436 435 30 
4 402 478 477 43 
4 476 398 471 470 
4 469 393 404 42 
4 406 408 466 465 
4 464 227 110 194 
4 202 205 206 209 
4 211 103 102 215 
4 216 220 222 223 
4 224 191 228 229 
4 232 98 96 238 
4 239 241 243 246 
4 248 94 250 253 
4 125 130 131 133 
4 134 135 137 140 
4 142 143 145 146 
4 127 150 126 255 
4 157 161 122 167 
4 168 169 171 173 
4 118 176 178 179 
4 183 184 342 317 
4 318 68 67 321 
4 323 63 327 62 
4 331 335 58 338 
4 340 316 343 344 
4 346 349 57 354 
4 355 357 53 366 
4 51 368 370 49 
4 287 257 260 262 
4 88 265 87 270 
4 85 272 84 275 
4 83 82 281 374 
4 290 291 293 296 
4 297 77 75 303 
4 305 74 308 309 
