1628
2 5357 5121 
2 8148 6404 
2 421 2589 
2 5913 6255 
2 5583 9906 
2 8785 3629 
2 6584 7710 
2 1737 3987 
2 7529 5231 
2 4386 2094 
2 5796 9487 
2 6735 8197 
2 1756 2584 
2 8754 998 
2 2395 6655 
2 6312 2861 
2 59 7923 
2 7569 7704 
2 5515 9612 
2 6632 7444 
2 8873 7262 
2 8452 7796 
2 2489 5905 
2 398 8407 
2 1729 820 
2 6459 604 
2 9004 1248 
2 7549 7064 
2 4848 5886 
2 8603 8733 
2 8189 9529 
2 8437 9354 
2 6839 9213 
2 4449 1524 
2 4318 4574 
2 5744 9483 
2 4100 6823 
2 3904 4233 
2 8479 3626 
2 7108 5416 
2 9620 1287 
2 2545 6476 
2 9383 4004 
2 3697 1396 
2 9131 5427 
2 4041 370 
2 973 2061 
2 3015 847 
2 9247 4863 
2 2155 4644 
2 7792 6668 
2 3135 4631 
2 2222 1492 
2 9618 2752 
2 5363 7168 
2 2687 5570 
2 2843 44 
2 453 8284 
2 2117 1561 
2 7100 3505 
2 8775 461 
2 9765 3295 
2 4036 1423 
2 2932 8287 
2 8004 6640 
2 8854 1385 
2 3273 5616 
2 8591 3715 
2 2345 5918 
2 2096 6639 
2 9813 674 
2 3420 7936 
2 1556 5090 
2 666 5251 
2 2935 4695 
2 2331 3825 
2 6762 2598 
2 1677 9959 
2 4147 6756 
2 1114 1081 
2 5001 5592 
2 8384 8689 
2 8119 9818 
2 6196 7525 
2 1388 864 
2 5989 948 
2 683 6613 
2 4106 3942 
2 9888 5526 
2 8911 8320 
2 4194 5083 
2 4473 5211 
2 9128 3149 
2 5052 8585 
2 7369 936 
2 7515 2819 
2 2459 8777 
2 132 7819 
2 2968 4670 
2 7577 2246 
2 3484 962 
2 8814 8240 
2 876 7863 
2 7939 2723 
2 7368 8837 
2 752 9256 
2 8991 3457 
2 8392 110 
2 7208 7290 
2 3176 7950 
2 2196 7101 
2 371 2728 
2 8636 684 
2 4808 2212 
2 9267 8641 
2 281 5791 
2 6240 2499 
2 63 5602 
2 9614 714 
2 3656 4090 
2 2475 7259 
2 2064 1101 
2 9019 9894 
2 4916 5651 
2 1013 3678 
2 7834 1491 
2 839 7945 
2 3024 5048 
2 2548 3765 
2 6170 7198 
2 4405 4961 
2 1004 9965 
2 5945 1115 
2 1071 4685 
2 7937 3302 
2 1233 2124 
2 4579 3795 
2 3272 8152 
2 9986 5042 
2 2141 384 
2 6677 9295 
2 3647 7104 
2 7927 2070 
2 2008 1734 
2 6782 4702 
2 5101 7135 
2 6495 854 
2 5773 1707 
2 2115 4430 
2 8058 1164 
2 1214 336 
2 5046 7540 
2 7201 2080 
2 4957 4788 
2 5214 8639 
2 2558 7409 
2 4917 443 
2 2922 1341 
2 7896 8063 
2 7825 5653 
2 3499 976 
2 6702 7202 
2 49 7961 
2 1830 6381 
2 4964 4886 
2 1146 9307 
2 3463 9568 
2 6176 7313 
2 4509 818 
2 4983 82 
2 3792 5295 
2 6107 8612 
2 3047 7595 
2 5772 7757 
2 3607 4135 
2 4874 5982 
2 3940 3096 
2 2727 5713 
2 2228 2274 
2 8338 9305 
2 2964 3896 
2 6252 636 
2 3228 3566 
2 1353 8608 
2 1210 7136 
2 8485 4322 
2 3309 5310 
2 7305 887 
2 4240 3293 
2 1851 7543 
2 6168 9433 
2 4925 7516 
2 6550 8322 
2 4406 71 
2 1988 9129 
2 1203 8745 
2 6935 7551 
2 9866 1671 
2 4940 1955 
2 5625 7145 
2 9795 7 
2 9527 4185 
2 1812 8116 
2 4141 5383 
2 3437 5219 
2 47 7579 
2 4131 1450 
2 3114 7326 
2 2456 594 
2 8465 1322 
2 9552 8851 
2 4167 2259 
2 4235 4637 
2 7359 3042 
2 9 3142 
2 766 1713 
2 1094 7231 
2 5006 4655 
2 1742 5652 
2 3686 1934 
2 7583 9690 
2 9539 2686 
2 532 5873 
2 5494 7715 
2 4561 2962 
2 4074 9525 
2 3844 9263 
2 4657 8803 
2 2481 727 
2 8553 3072 
2 1050 4847 
2 1895 7083 
2 723 6129 
2 4475 6957 
2 4112 8387 
2 7447 9235 
2 4102 9917 
2 9532 8250 
2 2759 3357 
2 2982 7088 
2 62 4374 
2 8736 2736 
2 2293 7196 
2 8332 1946 
2 3519 3196 
2 954 8375 
2 7308 213 
2 7648 7032 
2 4320 859 
2 8010 9196 
2 9946 1591 
2 5163 2045 
2 6547 9063 
2 1724 2726 
2 1418 6882 
2 4076 5777 
2 7725 2060 
2 8193 5904 
2 6611 2342 
2 4619 3337 
2 8767 850 
2 1568 6178 
2 3689 9106 
2 2652 992 
2 2340 4402 
2 9119 5172 
2 8644 3155 
2 2544 1433 
2 4490 9966 
2 4912 4638 
2 4995 9747 
2 3672 6558 
2 1621 3170 
2 2642 2085 
2 3775 3648 
2 586 2749 
2 5729 201 
2 120 9344 
2 8626 3757 
2 9576 7451 
2 6534 3542 
2 6038 6913 
2 7494 8601 
2 7851 3781 
2 5686 3257 
2 4139 2828 
2 7643 6571 
2 8478 7148 
2 5931 4550 
2 8138 8397 
2 6567 774 
2 7464 7545 
2 2628 7814 
2 3889 5156 
2 2323 403 
2 9542 1763 
2 8186 3593 
2 2870 9302 
2 676 328 
2 6134 4244 
2 4150 2862 
2 7862 2795 
2 4058 6537 
2 3475 3112 
2 3376 9713 
2 9275 2308 
2 8997 2300 
2 9151 18 
2 4959 6927 
2 8865 7079 
2 58 6467 
2 8187 9559 
2 2814 2036 
2 2213 1383 
2 5081 4390 
2 5366 8267 
2 8242 9900 
2 4044 8233 
2 7316 3869 
2 8115 3708 
2 3451 3840 
2 8259 4480 
2 1711 9528 
2 5609 8506 
2 7703 7166 
2 7445 6147 
2 6171 5845 
2 7673 8616 
2 2123 8849 
2 778 446 
2 3842 9873 
2 1160 9320 
2 8079 9243 
2 2305 1049 
2 1936 2267 
2 1839 11 
2 2160 8094 
2 3583 5540 
2 3526 2243 
2 5096 4837 
2 8430 3126 
2 2313 654 
2 1136 8101 
2 245 9605 
2 8167 6123 
2 2023 6050 
2 1552 6359 
2 333 9514 
2 3913 7944 
2 7267 5359 
2 1509 5136 
2 5324 4284 
2 2985 3950 
2 8509 7726 
2 9921 8286 
2 7953 7385 
2 687 8036 
2 4551 5854 
2 9374 2944 
2 6777 4902 
2 2282 6300 
2 7008 6580 
2 373 2920 
2 5209 2535 
2 6842 706 
2 1767 7522 
2 4498 8367 
2 3745 9784 
2 3106 6481 
2 3899 1231 
2 7466 3632 
2 1845 9289 
2 3618 1427 
2 2817 65 
2 3253 9340 
2 7922 2674 
2 5665 8348 
2 6060 9856 
2 2203 6985 
2 177 8701 
2 7026 5600 
2 2718 4690 
2 9722 9283 
2 6989 7700 
2 9942 463 
2 9732 5622 
2 7756 593 
2 3002 2994 
2 8026 4151 
2 7920 1359 
2 5919 3083 
2 9111 8346 
2 8563 4965 
2 6638 2572 
2 9691 6582 
2 8047 2941 
2 1096 4516 
2 8697 7050 
2 1996 8721 
2 780 1357 
2 9649 8834 
2 7212 1817 
2 6313 3229 
2 2619 8253 
2 9252 6329 
2 745 9778 
2 1085 2364 
2 522 2571 
2 4137 1372 
2 9366 1336 
2 7209 3485 
2 5962 4951 
2 103 3356 
2 6363 9443 
2 8839 9779 
2 2802 6316 
2 2009 717 
2 4582 1861 
2 251 4352 
2 2112 565 
2 6602 9751 
2 709 8477 
2 4351 6477 
2 67 3368 
2 2647 6426 
2 2351 8811 
2 5909 5891 
2 7119 9123 
2 6994 2905 
2 9365 8199 
2 9154 3443 
2 9124 645 
2 257 7629 
2 6 4259 
2 5793 1340 
2 3089 214 
2 2536 7981 
2 5492 1976 
2 8751 171 
2 7671 8614 
2 6415 9325 
2 4884 1202 
2 332 1510 
2 1787 7330 
2 2095 9585 
2 3379 9546 
2 1701 4357 
2 8947 4134 
2 7911 4293 
2 7489 4477 
2 9806 1344 
2 2162 9629 
2 3496 3214 
2 60 3062 
2 5239 5593 
2 3308 2957 
2 8200 9363 
2 8501 1820 
2 9968 1001 
2 4867 6666 
2 4557 188 
2 5544 8923 
2 8163 8835 
2 8529 5149 
2 6914 9930 
2 5330 9511 
2 1717 877 
2 750 9974 
2 8003 5518 
2 6956 1975 
2 5733 1740 
2 4222 5244 
2 8779 7934 
2 5236 6342 
2 5332 6297 
2 7057 1505 
2 5991 7391 
2 4711 1351 
2 1800 9545 
2 8658 2776 
2 1564 321 
2 4977 8651 
2 4727 7613 
2 7677 2575 
2 296 924 
2 1883 9166 
2 1364 3730 
2 8431 6188 
2 4696 7415 
2 7439 4331 
2 3750 8040 
2 5529 4572 
2 2245 5970 
2 9962 1249 
2 5758 7344 
2 3120 7153 
2 1965 9426 
2 8915 1747 
2 8990 791 
2 1522 7210 
2 7647 9419 
2 3579 5028 
2 5131 5808 
2 2509 8449 
3 4161 4717 4415 
3 8168 7699 9550 
3 5488 5683 1743 
3 3473 8579 8056 
3 7972 5835 6738 
3 9271 5074 2043 
3 1714 5728 9341 
3 6042 7824 8418 
3 9397 3655 2573 
3 2265 1061 6616 
3 767 96 902 
3 8866 9569 1673 
3 6627 301 6419 
3 7250 55 3087 
3 6273 2952 6144 
3 8607 8470 8548 
3 1200 5720 264 
3 3830 631 1523 
3 3845 3834 773 
3 1178 6742 9566 
3 7524 797 4870 
3 3223 197 385 
3 1636 8625 9626 
3 1889 9853 5553 
3 6410 1508 3167 
3 8702 2089 3306 
3 6226 8487 9572 
3 9797 2809 5155 
3 6309 8659 4367 
3 8132 3978 6377 
3 9048 407 6336 
3 2055 3137 4960 
3 9250 7155 7748 
3 8183 5375 5864 
3 1476 3905 1810 
3 6192 7567 4600 
3 7436 1948 5610 
3 730 4649 3557 
3 2612 3673 8671 
3 2486 6384 4524 
3 9718 3870 4079 
3 3791 3271 278 
3 1228 1998 9952 
3 9689 4200 6058 
3 4043 6769 4861 
3 875 9843 6198 
3 6747 3001 2353 
3 9746 8707 6028 
3 8940 283 5308 
3 9265 3857 3 
3 9871 7253 1912 
3 3944 5476 1429 
3 2912 85 1483 
3 9078 6010 5170 
3 7302 6662 8172 
3 432 3997 1140 
3 3367 2000 7412 
3 8204 8297 8677 
3 7443 9507 1853 
3 4706 1587 263 
3 7118 836 7880 
3 3278 8453 4527 
3 1040 9755 4532 
3 915 6578 884 
3 4179 3028 7103 
3 4469 2927 6981 
3 1720 8683 6146 
3 7095 6012 8442 
3 4607 6483 5203 
3 5207 7978 7696 
3 6320 3885 995 
3 6110 3728 5849 
3 9695 5803 8670 
3 513 3022 2585 
3 464 7319 8964 
3 1378 7617 634 
3 3508 6757 1821 
3 7618 1224 4474 
3 7603 4565 8722 
3 1253 1037 3518 
3 6370 4617 4883 
3 8929 2877 7296 
3 3736 8932 1708 
3 8750 5174 3037 
3 3877 5197 1073 
3 7861 1681 9908 
3 4307 6498 6444 
3 3561 1923 4786 
3 1117 9359 1542 
3 3362 7759 2939 
3 3248 8895 4871 
3 3375 1684 5785 
3 8692 9464 1526 
3 4439 1154 2627 
3 1484 5902 2937 
3 9599 8524 4038 
3 559 1116 1152 
3 137 7536 1571 
3 4361 520 8328 
3 3892 7870 2488 
3 6296 3511 4292 
3 5278 8956 5462 
3 8874 4521 9880 
3 6367 9197 5823 
3 2592 4975 7823 
3 7678 2798 8637 
3 3853 8466 5341 
3 9849 5839 3055 
3 7041 916 9769 
3 7178 5547 3544 
3 1833 3107 1261 
3 6656 6231 1361 
3 174 8527 17 
3 7463 9907 970 
3 1712 2566 5705 
3 6220 2600 9425 
3 6577 4668 9961 
3 5941 56 6965 
3 4946 6605 172 
3 7255 5378 5441 
3 6938 1726 5998 
3 2185 9984 7215 
3 846 7130 5548 
3 5503 760 2368 
3 7238 6389 529 
3 10 145 3769 
3 5250 9014 6715 
3 9350 8516 7363 
3 3050 4604 5151 
3 2106 688 6856 
3 8363 3746 1765 
3 8931 1234 1430 
3 5563 844 1570 
3 451 5446 3969 
3 4731 4663 9092 
3 738 297 7740 
3 3516 208 5649 
3 923 6752 6583 
3 5271 8714 2716 
3 525 3134 1122 
3 9168 1601 6205 
3 7218 2766 9597 
3 6540 6266 9741 
3 5579 6526 5118 
3 912 556 6364 
3 1197 1827 2165 
3 5325 7778 1487 
3 9895 7624 6133 
3 164 1963 9121 
3 926 8239 3540 
3 139 9161 2407 
3 7149 3104 4093 
3 8673 9450 7558 
3 4491 4990 2007 
3 117 9182 3258 
3 2649 6396 2221 
3 8081 2295 9214 
3 7518 8833 2484 
3 5948 1648 8161 
3 8059 1589 5017 
3 5013 4230 5007 
3 9390 9594 5574 
3 6052 6451 9246 
3 2804 7499 8650 
3 3674 8044 5899 
3 7839 5627 4627 
3 211 8824 8293 
3 7152 8198 6149 
3 5875 3691 7346 
3 7692 2879 4126 
3 480 5056 628 
3 2309 8617 2555 
3 87 2848 1010 
3 2127 642 7983 
3 9135 6680 7204 
3 8247 6102 3276 
3 2590 6721 2836 
3 6623 9719 1015 
3 3932 1825 7318 
3 9490 3029 656 
3 3828 6645 6215 
3 2125 5879 7752 
3 9588 8653 8609 
3 7278 7151 2811 
3 3608 6157 8305 
3 6036 9776 1735 
3 1847 2872 1866 
3 6731 9414 1876 
3 900 289 597 
3 9580 4555 8606 
3 3973 178 7954 
3 9471 28 5487 
3 1943 5513 206 
3 1620 3239 4859 
3 3692 6256 6193 
3 3480 2516 9286 
3 3677 4650 2538 
3 9852 1159 8652 
3 1464 4671 931 
3 7375 1856 5824 
3 1393 6703 9499 
3 1056 1311 8134 
3 590 9382 8578 
3 6685 5815 2226 
3 4170 6350 4573 
3 3891 2697 1632 
3 6531 1819 9276 
3 3808 4522 3527 
3 4792 7764 1205 
3 8258 5559 1129 
3 8434 7888 5981 
3 6152 4496 3132 
3 5061 2999 5058 
3 3092 834 6111 
3 1877 124 6741 
3 1260 6443 6206 
3 8537 4054 6984 
3 151 1994 2732 
3 8468 307 7105 
3 3895 9407 4933 
3 7875 7475 8342 
3 9238 53 9637 
3 1718 8684 6053 
3 1874 5094 290 
3 3573 7542 6228 
3 4997 9799 4725 
3 1562 7734 142 
3 2705 1888 236 
3 1642 2190 8967 
3 589 9241 4611 
3 2428 9165 6306 
3 7512 7413 3980 
3 4857 9748 4055 
3 9675 4814 2091 
3 7777 9730 1704 
3 4442 1884 7610 
3 7884 9326 5418 
3 5371 4865 4661 
3 9714 8032 4692 
3 8035 7361 6932 
3 4636 9530 253 
3 7993 6676 4774 
3 7219 5710 6628 
3 9864 3297 9602 
3 2490 4592 8907 
3 9761 4091 6651 
3 2020 4875 5644 
3 6849 4989 6155 
3 1445 7286 7659 
3 2765 4703 7406 
3 9376 2241 540 
3 5235 5044 5794 
3 648 4066 1282 
3 2854 3558 3924 
3 3912 4716 735 
3 4363 6557 362 
3 1837 5517 4381 
3 7841 2254 7090 
3 4187 8123 5035 
3 9976 3802 2565 
3 3654 3839 9896 
3 4506 3945 6326 
3 7526 1440 4926 
3 9523 8176 7662 
3 2887 6827 1595 
3 898 5671 3553 
3 5020 7594 2461 
3 2400 4656 4904 
3 8423 9016 6365 
3 7074 1023 7003 
3 3531 4771 6733 
3 6366 3567 9650 
3 7733 9922 1598 
3 6380 4410 534 
3 6794 4089 6976 
3 8241 7382 5916 
3 2806 3498 4064 
3 2081 4559 358 
3 3422 5389 2006 
3 5530 1339 1406 
3 6673 5474 2457 
3 6289 8333 1467 
3 7037 4773 1332 
3 7432 5355 4412 
3 6436 7374 9453 
3 1723 7356 5205 
3 8597 9220 7683 
3 2320 1533 9368 
3 404 6076 6988 
3 9848 9988 2375 
3 5898 3760 9456 
3 6800 7914 8861 
3 147 1471 210 
3 5336 960 3906 
3 4879 8432 2783 
3 8019 6361 2907 
3 689 33 489 
3 1584 4495 6857 
3 1422 622 4375 
3 1609 8938 3718 
3 4720 146 909 
3 6514 5489 8376 
3 8889 6778 9879 
3 6490 9468 4478 
3 8715 5178 3323 
3 7821 5457 7943 
3 8153 7768 5551 
3 5633 3704 7534 
3 5086 4639 8648 
3 4766 4011 2462 
3 6528 7818 9043 
3 7785 7426 2381 
3 2389 3145 7419 
3 9192 8894 7310 
3 1021 6784 9361 
3 9684 3244 2401 
3 5856 5869 8150 
3 7249 7230 2398 
3 8043 4452 9726 
3 2874 3617 8898 
3 7530 737 3582 
3 9561 8845 9072 
3 9703 7592 2260 
3 3595 6016 3914 
3 396 6340 3882 
3 7175 8823 1529 
3 4026 4953 3983 
3 7917 6585 3352 
3 1930 2129 1512 
3 3299 1922 9631 
3 6208 4057 5467 
3 3559 150 8954 
3 3153 5776 5901 
3 8299 6870 39 
3 3966 835 8425 
3 5865 7990 3371 
3 635 198 5920 
3 1952 6202 9222 
3 9122 9143 5255 
3 8679 9971 8325 
3 5380 7013 5085 
3 5461 7770 1090 
3 2191 8746 7454 
3 6466 4202 9429 
3 7116 3985 4907 
3 3749 1886 4467 
3 8712 6834 4823 
3 5832 5522 3075 
3 6649 9667 7596 
3 359 7956 9062 
3 512 3339 8682 
3 5556 9549 7966 
3 7010 9802 5724 
3 3188 9221 804 
3 32 947 8238 
3 5531 3564 1822 
3 2134 711 1507 
3 7480 4124 9183 
3 3136 9828 4704 
3 9734 9606 9091 
3 7689 3129 6724 
3 5615 1347 8519 
3 9868 678 5896 
3 3811 7809 6700 
3 149 5908 45 
3 4887 2277 6421 
3 3011 2924 4016 
3 7220 7221 3428 
3 4640 1761 6184 
3 2148 7186 2707 
3 1100 170 300 
3 2343 1256 3322 
3 5756 9173 8276 
3 6705 4208 6243 
3 6873 7970 6574 
3 7731 2167 7876 
3 0 6811 6160 
3 3641 5451 3991 
3 6264 1382 4514 
3 5566 9096 849 
3 8196 6446 8263 
3 2024 313 8632 
3 5584 7964 5047 
3 3694 4465 5164 
3 2198 3121 8562 
3 9459 6248 3020 
3 9573 611 2278 
3 2467 6637 6203 
3 5939 471 8264 
3 3724 9752 6553 
3 2672 7984 4708 
3 6681 4335 8517 
3 8752 1908 9978 
3 4949 8908 8027 
3 5277 5954 1047 
3 2495 6659 5166 
3 6903 9891 6726 
3 6942 4659 1174 
3 1044 1199 6596 
3 7975 9299 2983 
3 5657 1157 9583 
3 7424 6015 7386 
3 9996 9987 6522 
3 8133 6648 4992 
3 5040 4215 9068 
3 2367 5947 5240 
3 3681 2875 8711 
3 9328 5860 8801 
3 9210 1179 7425 
3 4340 1181 1569 
3 3818 5449 9633 
3 3127 3203 433 
3 6112 7727 1411 
3 708 1106 6017 
3 5362 2337 3412 
3 4511 7384 5721 
3 1593 9038 3226 
3 541 7521 7509 
3 8222 6719 9836 
3 5763 5173 3517 
3 6022 4790 5836 
3 562 2062 8143 
3 4286 1668 514 
3 1381 4456 2702 
3 5813 1840 3031 
3 2506 3563 3894 
3 7500 6478 4419 
3 1616 8210 825 
3 5536 8160 6246 
3 9721 6351 5157 
3 4052 8696 8202 
3 8667 8864 2601 
3 8863 8828 4206 
3 5496 8413 355 
3 2025 204 7555 
3 2296 9486 8336 
3 8139 1751 4958 
3 6492 1768 3105 
3 608 2120 6713 
3 5730 7877 8810 
3 968 4359 889 
3 1400 2159 6275 
3 9920 4742 3596 
3 6864 4188 8876 
3 70 465 7751 
3 1409 5872 4092 
3 8006 9935 2329 
3 9995 6051 3330 
3 1012 2954 8977 
3 5198 1535 6280 
3 2437 8031 530 
3 3972 1321 9269 
3 3809 7633 8919 
3 4943 234 240 
3 6263 4801 955 
3 1843 919 4228 
3 6960 3004 2578 
3 5368 9198 3657 
3 3235 9418 2033 
3 4858 9768 430 
3 456 7614 5606 
3 5082 7924 3926 
3 8215 9716 2746 
3 8089 3311 7729 
3 270 9600 1062 
3 5751 9028 1640 
3 431 7397 9187 
3 4000 131 6576 
3 9519 8454 6097 
3 2949 6008 9446 
3 7995 372 9699 
3 8137 97 500 
3 5208 4046 2786 
3 6964 620 978 
3 6698 1750 9201 
3 2762 2604 1939 
3 9767 2661 9332 
3 2193 3939 1330 
3 6161 9538 2632 
3 2977 1259 5191 
3 439 6761 8447 
3 3956 9086 1036 
3 2072 4796 9431 
3 5986 4534 1744 
3 7170 673 1980 
3 6890 7663 9584 
3 4301 6003 9656 
3 136 8401 8180 
3 885 2772 6565 
3 2102 3212 2514 
3 7457 1475 9398 
3 1519 8822 9944 
3 7407 5245 1796 
3 6824 4221 2694 
3 6844 6835 4798 
3 5482 4942 2713 
3 3590 7991 9413 
3 8252 183 2074 
3 6352 8568 24 
3 1961 6137 2399 
3 3280 8435 8326 
3 8383 1318 4104 
3 956 3370 1649 
3 2595 4387 1694 
3 6887 3344 5666 
3 8859 8037 7895 
3 6197 4635 6809 
3 86 6450 1279 
3 9075 4238 5752 
3 5732 7800 2207 
3 3793 4502 7674 
3 7881 4777 3060 
3 9855 37 6121 
3 9083 6463 1546 
3 1983 6302 4783 
3 4839 2953 7586 
3 2891 7461 457 
3 2297 5994 2881 
3 7471 9036 7554 
3 3822 5897 8314 
3 7724 1538 1755 
3 7320 4248 3543 
3 7410 4358 4400 
3 9009 8900 8815 
3 7812 5168 3364 
3 6959 7357 602 
3 458 6963 7362 
3 756 487 4595 
3 6972 4434 4596 
3 2608 8766 9094 
3 8930 7387 6471 
3 6915 3951 9047 
3 5024 3141 4399 
3 8093 6311 8353 
3 7094 9035 7206 
3 2210 2144 335 
3 2149 4116 9137 
3 2903 2596 3052 
3 801 8486 6332 
4 462 392 3347 9215 
4 1371 4339 3021 2028 
4 9838 6353 9578 9564 
4 221 1536 2610 3875 
4 9114 2956 2741 2785 
4 4504 6506 5066 1688 
4 7889 7850 40 2859 
4 2892 2837 4994 1678 
4 6448 3789 6925 6127 
4 1161 5628 3651 7078 
4 6818 4069 9659 7602 
4 9820 4982 2469 6148 
4 1453 725 168 6232 
4 4877 3887 802 5233 
4 31 8663 4736 6175 
4 5181 2059 9709 2412 
4 4291 7959 7632 9651 
4 2307 8438 7557 9394 
4 7859 1009 7694 1426 
4 1778 842 8737 8028 
4 5125 9993 4688 4097 
4 6229 5106 6328 2683 
4 2685 840 739 6944 
4 8543 502 4488 644 
4 9015 3318 9540 8022 
4 78 5817 3012 8576 
4 1959 5128 3841 152 
4 639 6699 4549 343 
4 615 325 2169 7960 
4 6725 511 9223 402 
4 1220 2101 9678 393 
4 9595 8426 5959 5719 
4 613 229 6473 7742 
4 9489 8804 4689 5558 
4 1043 4567 4787 5631 
4 2950 1869 7395 793 
4 68 7803 7423 9227 
4 5422 4099 8256 5676 
4 4031 8950 848 2388 
4 7971 5882 34 6034 
4 8643 5190 3743 1165 
4 4855 7631 953 8097 
4 8903 2472 6315 3123 
4 6746 3679 7697 7994 
4 6952 1807 7532 2242 
4 4880 726 3555 1377 
4 7314 4826 1979 3903 
4 1080 9957 20 5731 
4 6005 305 6225 7430 
4 252 13 5850 9887 
4 1270 9892 5881 413 
4 6452 4969 1892 3515 
4 7581 640 5443 579 
4 7132 4723 3698 467 
4 1167 8629 5951 4811 
4 153 2215 1590 3509 
4 4298 8398 2002 2164 
4 860 9274 76 3396 
4 7666 5212 2137 2669 
4 8571 2304 1502 6357 
4 4047 7176 6922 9475 
4 477 740 6095 6563 
4 4267 5863 7826 6674 
4 6189 7496 6046 4078 
4 4750 2929 4173 9280 
4 3665 4451 6291 6479 
4 5950 57 346 3621 
4 1549 4679 2527 2358 
4 395 7713 5829 2629 
4 7906 9524 4554 9337 
4 8212 3233 2019 293 
4 3246 4279 2432 4155 
4 5146 193 5161 7951 
4 1586 2898 4245 2232 
4 7036 4246 414 3581 
4 1369 1953 649 4922 
4 1276 937 8206 3761 
4 6740 8456 949 3146 
4 7252 3449 5346 9830 
4 8821 3902 4662 7565 
4 4249 1416 83 7024 
4 5026 6544 7804 8986 
4 2799 9065 6104 6210 
4 9526 6244 5895 4747 
4 568 7194 4314 2634 
4 2531 9157 2533 868 
4 3838 2751 1286 3261 
4 554 1650 3482 9234 
4 1194 2824 3161 1084 
4 4030 3504 9313 4311 
4 1504 7197 3773 7743 
4 5200 3431 2668 5714 
4 3263 16 8229 9105 
4 9543 4653 8498 7236 
4 7813 9294 1516 1793 
4 3748 3806 4856 23 
4 444 2529 6630 6270 
4 5387 8675 7653 4537 
4 8965 4328 1532 2047 
4 9333 1514 8440 982 
4 3930 7963 1118 3332 
4 1527 1250 7490 4767 
4 2303 9458 4176 9496 
4 5672 5401 6664 3174 
4 3911 9810 9488 9635 
4 8277 1032 4501 1031 
4 7018 6258 6294 9692 
4 4398 6828 4623 4892 
4 8201 4914 9958 2442 
4 1201 6245 6612 7150 
4 3316 1296 1986 4841 
4 8642 675 6920 8952 
4 7559 1452 1891 9551 
4 4578 5237 9680 4001 
4 8355 3824 4713 2671 
4 5373 3125 5199 2712 
4 1027 9260 9085 6510 
4 2264 6822 4935 3880 
4 8179 9251 8654 2422 
4 499 5175 6852 8727 
4 8729 6430 5834 6744 
4 5059 2143 5980 9711 
4 6569 3513 6962 8289 
4 1606 6494 6693 1618 
4 3407 9149 3747 5769 
4 5043 8177 4144 7761 
4 8067 9002 7622 4605 
4 365 4775 5641 4447 
4 9022 225 3099 459 
4 8918 4164 4898 9858 
4 6093 858 4095 5400 
4 6604 7957 2328 8981 
4 30 8235 4407 8808 
4 3147 8897 7828 8593 
4 7418 3570 9655 5097 
4 115 9272 7237 8567 
4 9611 2402 6846 4562 
4 6118 9624 9181 7600 
4 6600 1806 7849 1951 
4 123 1898 2335 185 
4 6130 8382 3547 1058 
4 9985 3274 1110 6323 
4 1132 7721 5831 3355 
4 5471 5098 6398 6590 
4 4482 6002 1978 2235 
4 1865 4558 576 2570 
4 9073 8978 2946 7190 
4 7048 8108 6126 1669 
4 6851 6727 6766 4156 
4 8472 94 8756 5442 
4 2046 8393 8806 6993 
4 9927 7868 6472 6899 
4 2220 9771 8340 7273 
4 7616 8753 7085 5077 
4 7127 1639 4840 2466 
4 8388 2205 7315 6078 
4 4197 4694 4546 7665 
4 4325 6669 7247 6090 
4 2240 7899 2333 5019 
4 1835 7693 5505 8372 
4 1288 3615 1754 9613 
4 5944 8572 5041 9338 
4 2582 7634 9745 6711 
4 3078 9859 3587 5812 
4 6304 2591 896 7329 
4 3883 473 8734 6524 
4 4489 8129 7805 4804 
4 6223 8640 2216 2294 
4 899 1848 516 2911 
4 3506 5323 1774 4564 
4 2105 6774 1271 160 
4 1266 7460 1313 2234 
4 7815 5460 7275 9003 
4 2549 5621 1192 1137 
4 5800 2730 3884 5613 
4 3265 22 6697 6560 
4 5189 1849 101 143 
4 6671 3878 9603 9948 
4 9013 5702 1212 6990 
4 9877 8573 419 4172 
4 3324 5140 6356 3664 
4 6739 3038 3439 8996 
4 8994 5276 8021 4308 
4 7121 2199 3281 4312 
4 2754 7491 6803 9134 
4 2237 1086 3933 4746 
4 2136 7123 1653 2390 
4 1699 2453 906 3402 
4 5268 7931 5171 5134 
4 417 753 6064 2781 
4 9744 7686 9261 5397 
4 9029 558 3097 8773 
4 4217 6063 2793 3578 
4 4255 6581 3849 9679 
4 4394 8716 6023 796 
4 9844 5523 2016 6414 
4 2417 550 5426 8411 
4 4136 7510 6035 4196 
4 1656 8084 5234 9230 
4 9194 3782 1480 1170 
4 1127 2268 5598 6595 
4 381 1488 6831 4918 
4 3873 6636 5903 9008 
4 2852 4599 1461 2289 
4 4818 7117 6132 828 
4 7400 8049 2775 3491 
4 4630 159 1172 1093 
4 219 2406 1624 8316 
4 3888 2621 3131 2444 
4 9759 9901 5253 7233 
4 3817 4678 7786 8759 
4 6261 4613 6520 8464 
4 5246 2951 8793 1783 
4 3381 8789 6096 8166 
4 472 6227 279 1814 
4 8618 3442 6517 4910 
4 893 1404 1985 6432 
4 8633 1665 6529 6953 
4 2068 5736 133 6373 
4 5770 1867 217 2334 
4 3965 1627 7788 7903 
4 7684 7309 3262 8539 
4 3334 4094 2731 845 
4 3783 8987 3300 2750 
4 4932 218 7501 1836 
4 9502 5313 3584 2065 
4 5972 5577 5398 4487 
4 7925 610 7969 3401 
4 5966 9575 6180 8165 
4 9535 5391 4193 4479 
4 1801 3721 3312 9534 
4 5586 4088 3744 2554 
4 5917 1781 2281 2987 
4 1221 2711 1208 5132 
4 669 3862 7110 7388 
4 5064 7898 5104 6586 
4 651 7675 401 8665 
4 1899 1184 9200 7371 
4 3927 9660 7980 3539 
4 990 2722 1646 3445 
4 6417 1904 4894 6812 
4 5370 2376 3929 9846 
4 1716 2947 8694 7289 
4 2184 7695 5599 5594 
4 9941 934 3411 3947 
4 5481 2326 4544 1292 
4 9770 3085 2464 3076 
4 1638 3124 545 4538 
4 9754 89 7672 9882 
4 7502 4529 7065 8638 
4 4981 3216 4428 292 
4 5345 8525 144 9156 
4 2173 3807 2087 2560 
4 249 827 9356 7043 
4 7664 3017 3424 1935 
4 8934 163 1928 1683 
4 6770 757 4669 5511 
4 8015 771 1299 3521 
4 7902 1130 977 7907 
4 9209 8842 4628 8584 
4 6259 6405 8268 3115 
4 7744 4163 2835 6497 
4 9670 7177 1120 6973 
4 9089 4833 2050 6958 
4 894 7608 1870 1138 
4 2480 6805 304 930 
4 2057 9140 2463 8732 
4 3580 6307 1469 2022 
4 2990 5122 6409 6068 
4 207 2567 7096 9785 
4 4842 4553 5804 691 
4 4646 5429 4882 316 
4 8709 199 3610 7553 
4 4149 618 8853 7962 
4 6331 9860 241 3313 
4 2011 7014 7223 1331 
4 3941 1209 8273 157 
4 288 8776 7134 7274 
4 2227 356 4392 8409 
4 6301 6541 8298 4948 
4 287 2564 9491 3893 
4 5725 9152 5192 8886 
4 7640 3178 7216 7878 
4 9225 7642 3186 4337 
4 8502 2179 7163 5514 
4 3541 3353 9179 6425 
4 728 643 865 7544 
4 8068 6897 1227 5206 
4 8645 5550 5254 4468 
4 1652 9710 819 8534 
4 5718 862 5060 2418 
4 616 5182 4714 6387 
4 1971 1958 3006 1277 
4 1574 9100 5329 6213 
4 2288 7019 9647 7229 
4 4355 9863 108 6904 
4 3753 9406 9367 5663 
4 6513 4789 2805 1841 
4 7298 5578 7546 7795 
4 8870 4226 6087 8310 
4 9553 5612 733 5658 
4 8941 867 186 5424 
4 8740 2239 425 3425 
4 5825 4634 2563 5952 
4 6629 7087 1495 3438 
4 6796 3536 8141 9870 
4 2841 5741 9885 9329 
4 784 4508 9617 6814 
4 4598 2163 3798 5534 
4 5848 9232 4143 7948 
4 1809 9172 7349 2344 
4 4791 8564 2201 2435 
4 769 2318 9158 226 
4 1615 1376 378 3812 
4 7556 9423 5958 6484 
4 5771 3208 9570 3712 
4 9582 5611 1661 5510 
4 9590 800 7091 1479 
4 347 348 1563 2689 
4 4693 3209 2577 6620 
4 5573 1700 719 8321 
4 9314 789 6748 7365 
4 4906 8309 189 1685 
4 4518 7333 1099 4726 
4 6253 7799 9862 2152 
4 7441 8103 1403 4986 
4 7434 383 9876 4290 
4 4403 9346 128 6125 
4 8771 9555 3917 9954 
4 5409 2586 958 1788 
4 7060 8493 6917 2451 
4 1909 7835 7541 4211 
4 7580 1949 8086 1235 
4 7459 9205 441 415 
4 5294 8347 4939 633 
4 6701 6692 2470 349 
4 7758 5183 1494 5316 
4 1196 1131 3213 4709 
4 9819 2012 7140 7946 
4 8064 1180 1284 1679 
4 6456 4996 2878 1188 
4 1799 8960 3327 2356 
4 2382 8379 1119 1230 
4 3949 3784 6279 5379 
4 5148 8080 8686 8282 
4 703 9323 2550 5343 
4 1993 361 203 6457 
4 1868 3860 3859 863 
4 291 831 9737 509 
4 8875 2035 5694 7479 
4 7807 8412 2498 1611 
4 1323 405 1335 5410 
4 5779 2483 388 7669 
4 280 3821 9999 4 
4 8406 782 693 1732 
4 4621 7965 6843 9372 
4 7507 1105 3247 1818 
4 935 2384 8726 7753 
4 6085 268 2378 4344 
4 8970 4632 4633 922 
4 7251 8784 2324 9102 
4 4675 8410 8985 8955 
4 5833 9663 4664 2789 
4 1135 2579 1133 200 
4 9807 7307 3394 5699 
4 4254 1111 227 6407 
4 5051 4734 6233 1074 
4 4330 3787 4950 1046 
4 258 4979 2405 8461 
4 4107 8523 4461 2086 
4 8791 7667 2942 1553 
4 9742 5844 983 1987 
4 3922 6635 1029 6500 
4 376 2541 9636 5356 
4 318 2311 7791 2373 
4 9604 3639 2386 5977 
4 3389 3386 9701 662 
4 811 3292 9724 6983 
4 9533 4371 794 2508 
4 8164 342 9644 5005 
4 9632 9148 9557 9162 
4 7092 8731 6158 5177 
4 4425 741 9186 3385 
4 8602 3199 6434 2410 
4 2676 6371 8374 2715 
4 7322 2030 173 3827 
4 491 7399 9717 5327 
4 8491 5413 8725 5885 
4 9773 2883 8872 7820 
4 409 4369 2825 4220 
4 872 7992 1534 6647 
4 3866 8136 9342 3819 
4 621 6420 1992 7706 
4 4810 3008 6254 3756 
4 6242 1918 5266 5187 
4 7627 7340 4273 5210 
4 2934 5957 4651 2747 
4 1897 7712 148 69 
4 9977 5073 7069 4323 
4 5643 1705 3225 3267 
4 821 8857 1439 1206 
4 5399 7636 4435 1329 
4 6678 1415 3794 3799 
4 1063 195 1554 1045 
4 7832 7228 9282 984 
4 3935 1969 9609 4978 
4 917 7033 3058 5853 
4 5840 1731 652 2427 
4 6499 6480 9362 4535 
4 1610 9327 7736 2166 
4 2172 6234 6174 5883 
4 9159 2503 7547 4356 
4 5045 5979 901 2803 
4 2873 2884 312 7093 
4 605 7264 4260 4103 
4 3227 508 3620 7165 
4 8728 4237 5470 4807 
4 483 7408 5265 8613 
4 7243 437 435 8758 
4 3466 4214 3474 7393 
4 9963 5361 3144 7276 
4 4032 8879 7938 5167 
4 8570 4860 8142 2500 
4 8395 9787 9070 4224 
4 6841 5508 6654 7416 
4 179 8780 8778 987 
4 7588 8770 6901 1654 
4 4372 6077 8507 5350 
4 194 5745 7793 2330 
4 6675 3636 7097 2996 
4 5340 9822 4822 9775 
4 7915 4758 2425 7172 
4 8535 9011 1305 209 
4 7639 3879 9415 4577 
4 303 2556 6187 7427 
4 2170 9380 6853 3530 
4 192 184 1142 7789 
4 2206 4732 7059 4972 
4 8877 9749 596 111 
4 8144 8311 118 3476 
4 3984 4890 4891 2769 
4 8117 3082 8786 7578 
4 8038 7098 7561 1614 
4 8114 8975 3189 9931 
4 8224 729 4376 8961 
4 5067 1831 9571 4175 
4 7942 7086 3044 9264 
4 2520 9421 5279 478 
4 3777 8417 482 6141 
4 5107 8405 9218 4285 
4 7883 6128 5557 8361 
4 7856 1728 9436 230 
4 6308 8135 121 6411 
4 1972 1517 7741 6614 
4 1485 6902 2485 2974 
4 7590 3493 5696 4724 
4 4523 5906 2512 4952 
4 2812 2808 5993 5983 
4 908 2771 9556 5747 
4 3727 3717 8272 3716 
4 8061 8244 1695 6156 
4 7075 274 6559 9031 
4 4232 4699 7483 781 
4 9793 7077 1625 1350 
4 8462 7045 156 6682 
4 8075 6720 3685 7606 
4 6177 6833 5483 2098 
4 5504 4899 2039 8009 
4 1496 4470 7847 8530 
4 8002 6937 7187 4098 
4 61 6545 6607 256 
4 1283 1226 311 1177 
4 4845 424 833 507 
4 574 9736 7017 8011 
4 6428 1937 7730 8110 
4 5304 2110 6265 8698 
4 8045 3635 2271 2272 
4 8500 5533 8797 5617 
4 2532 9126 2602 8880 
4 5727 7864 4333 2827 
4 5870 8220 4063 1749 
4 8561 5213 6429 8542 
4 8868 1326 1696 5023 
4 2447 3307 1171 7533 
4 1804 8494 428 4913 
4 4427 81 7248 2298 
4 866 4297 1753 3023 
4 5938 682 3053 5783 
4 3059 6026 6971 9686 
4 7550 4876 7068 3108 
4 2657 1006 8556 4588 
4 5377 9498 5382 795 
4 9301 4980 8159 1501 
4 8635 1513 1634 3690 
4 2231 1984 7404 9457 
4 1917 9357 4966 4440 
4 5260 5262 7337 5158 
4 7833 5754 7682 6075 
4 7830 9296 1703 8473 
4 8190 7929 959 8441 
4 6551 903 8924 4262 
4 6998 5480 803 9910 
4 4305 7367 406 5008 
4 3993 3469 2252 7030 
4 7711 1789 1166 9932 
4 6539 8850 5907 3268 
4 7292 9007 7138 7022 
4 9521 7139 6293 538 
4 1622 8968 5632 7514 
4 7067 3205 3266 9823 
4 3361 5585 7453 8555 
4 3534 5472 4770 3846 
4 182 8592 1275 6237 
4 2673 4591 6257 1307 
4 2310 6021 2357 7584 
4 6617 2583 6412 1932 
4 5910 6098 2393 1762 
4 2900 4851 1149 5010 
4 9577 1191 3416 4843 
4 6799 7688 3963 4060 
4 6519 4048 1824 6533 
4 4019 4793 6393 9548 
4 5281 3854 2138 3705 
4 4453 4830 7281 4923 
4 6848 658 4283 4893 
4 668 3154 9698 9044 
4 2645 603 9042 5693 
4 7102 5926 7523 3286 
4 6859 7129 5900 8541 
4 2928 921 4571 6643 
4 224 8085 3803 1770 
4 3810 9297 25 2026 
4 2961 9311 7658 9411 
4 698 7000 2899 6961 
4 6454 1612 1878 3994 
4 7985 2546 1190 452 
4 9861 8001 2385 4236 
4 5100 9189 3382 3169 
4 6222 341 2664 9914 
4 275 5430 5640 7574 
4 4911 3611 3591 7071 
4 6040 5838 6185 3696 
4 6509 7890 6119 8000 
4 5828 6862 5809 5538 
4 6592 6195 8231 6334 
4 7782 6031 6923 6290 
4 7852 526 54 1775 
4 9972 3454 2662 746 
4 2656 659 3719 582 
4 9101 4009 9270 3619 
4 2153 4691 3990 468 
4 9229 2280 238 9204 
4 9554 1302 319 8334 
4 9146 886 8554 972 
4 3523 27 9059 2709 
4 9825 9720 1134 7488 
4 1667 3754 6283 180 
4 4821 9024 3156 6850 
4 9933 412 6199 2525 
4 4525 2980 8034 8109 
4 1316 7261 7504 5549 
4 999 6772 2038 3413 
4 1873 8118 7011 6491 
4 4209 6391 5635 1777 
4 5386 6516 7222 9150 
4 4520 4581 379 1087 
4 5778 4556 8757 6792 
4 6163 8546 4987 573 
4 2010 4174 3645 5014 
4 5227 2154 5697 9400 
4 8508 9336 3383 1725 
4 1880 4252 422 4132 
4 4034 3843 5257 5859 
4 5949 8098 4705 8344 
4 1308 8318 1237 2758 
4 3201 533 4438 4062 
4 9833 2706 5527 7005 
4 986 2733 3643 1664 
4 1374 7183 4976 1290 
4 9929 5153 1964 7042 
4 5406 6631 1915 5108 
4 5619 3340 154 9321 
4 8511 7882 583 2858 
4 5049 9638 5539 3788 
4 1401 5029 5342 3546 
